<?xml version="1.0" encoding="UTF-8"?>
<testsuite xmlns:xsi="http://www.w3.org/2001/XMLSchema-instance" xsi:noNamespaceSchemaLocation="https://maven.apache.org/surefire/maven-surefire-plugin/xsd/surefire-test-report.xsd" name="| 5 | 10 |" time="0.003" tests="3" errors="0" skipped="0" failures="0">
  <properties>
[...]
</properties>
  <testcase name="| 5 | 10 |" classname="| 5 | 10 |" time="0"/>
  <testcase name="Given user adds &quot;5&quot; and &quot;10&quot;" classname="| 5 | 10 |" time="0"/>
  <testcase name="Then message displayed Values Added" classname="| 5 | 10 |" time="0"/>
</testsuite>